<?xml version="1.0" encoding="UTF-8"?>
<!-- Generated by org.testng.reporters.JUnitXMLReporter -->
<testsuite ignored="0" hostname="DESKTOP-3OONJHS" failures="0" tests="8" name="Default test" time="9.508" errors="0" timestamp="2024-08-18T16:31:54 AST">
  <testcase classname="homePage.homePageTesting" name="checkTheDefultLanguageIsEnglish" time="0.141"/>
  <testcase classname="homePage.homePageTesting" name="checkDefultCurrency" time="0.05"/>
  <testcase classname="homePage.homePageTesting" name="checkContactNumber" time="0.029"/>
  <testcase classname="homePage.homePageTesting" name="checkQitafLogoIsDisplayed" time="0.054"/>
  <testcase classname="homePage.homePageTesting" name="theHotelTabIsNotSelected" time="0.032"/>
  <testcase classname="homePage.homePageTesting" name="checkFlightDeparture" time="0.195"/>
  <testcase classname="homePage.homePageTesting" name="changeLanguage" time="1.207"/>
  <testcase classname="homePage.homePageTesting" name="switchToHotelSearchTab" time="1.524"/>
</testsuite> <!-- Default test -->
