<?xml version="1.0" encoding="UTF-8"?>
<!-- Generated by org.testng.reporters.JUnitXMLReporter -->
<testsuite ignored="0" hostname="DESKTOP-3OONJHS" failures="0" tests="4" name="Default test" time="4.666" errors="0" timestamp="2024-08-18T02:54:27 AST">
  <testcase classname="homePage.homePageTesting" name="checkTheDefultLanguageIsEnglish" time="0.068"/>
  <testcase classname="homePage.homePageTesting" name="checkDefultCurrency" time="0.039"/>
  <testcase classname="homePage.homePageTesting" name="checkContactNumber" time="0.04"/>
  <testcase classname="homePage.homePageTesting" name="checkQitafLogoIsDisplayed" time="0.064"/>
</testsuite> <!-- Default test -->
