<?xml version="1.0" encoding="UTF-8"?>
<testng-results ignored="0" total="2" passed="2" failed="0" skipped="0">
  <reporter-output>
  </reporter-output>
  <suite started-at="2024-08-15T13:35:55 AST" name="Default suite" finished-at="2024-08-15T13:36:07 AST" duration-ms="11707">
    <groups>
    </groups>
    <test started-at="2024-08-15T13:35:55 AST" name="Default test" finished-at="2024-08-15T13:36:07 AST" duration-ms="11707">
      <class name="homePage.homePageTesting">
        <test-method is-config="true" signature="setUp()[pri:0, instance:homePage.homePageTesting@c7a975a]" started-at="2024-08-15T13:35:55 AST" name="setUp" finished-at="2024-08-15T13:36:07 AST" duration-ms="11514" status="PASS">
          <reporter-output>
          </reporter-output>
        </test-method> <!-- setUp -->
        <test-method signature="checkTheDefultLanguageIsEnglish()[pri:1, instance:homePage.homePageTesting@c7a975a]" started-at="2024-08-15T13:36:07 AST" name="checkTheDefultLanguageIsEnglish" finished-at="2024-08-15T13:36:07 AST" duration-ms="63" status="PASS">
          <reporter-output>
          </reporter-output>
        </test-method> <!-- checkTheDefultLanguageIsEnglish -->
        <test-method signature="checkDefultCurrency()[pri:2, instance:homePage.homePageTesting@c7a975a]" started-at="2024-08-15T13:36:07 AST" name="checkDefultCurrency" finished-at="2024-08-15T13:36:07 AST" duration-ms="41" status="PASS">
          <reporter-output>
          </reporter-output>
        </test-method> <!-- checkDefultCurrency -->
      </class> <!-- homePage.homePageTesting -->
    </test> <!-- Default test -->
  </suite> <!-- Default suite -->
</testng-results>
